<?xml version="1.0" encoding="UTF-8"?>
<testng-results ignored="0" total="3" passed="3" failed="0" skipped="0">
  <reporter-output>
  </reporter-output>
  <suite started-at="2024-02-29T00:21:00 IST" name="Suite" finished-at="2024-02-29T00:33:07 IST" duration-ms="727220">
    <groups>
      <group name="cucumber">
        <method signature="AbstractTestNGCucumberTests.runScenario(io.cucumber.testng.PickleWrapper,io.cucumber.testng.FeatureWrapper)[pri:0, instance:com.TestRunner.testRun@7b98f307]" name="runScenario" class="io.cucumber.testng.AbstractTestNGCucumberTests"/>
      </group> <!-- cucumber -->
    </groups>
    <test started-at="2024-02-29T00:21:00 IST" name="Test" finished-at="2024-02-29T00:33:07 IST" duration-ms="727220">
      <class name="com.TestRunner.testRun">
        <test-method is-config="true" signature="setUpClass(org.testng.ITestContext)[pri:0, instance:com.TestRunner.testRun@7b98f307]" started-at="2024-02-29T00:21:00 IST" name="setUpClass" finished-at="2024-02-29T00:21:14 IST" duration-ms="13748" status="PASS">
          <params>
            <param index="0">
              <value>
                <![CDATA[org.testng.TestRunner@c102583]]>
              </value>
            </param>
          </params>
          <reporter-output>
          </reporter-output>
        </test-method> <!-- setUpClass -->
        <test-method signature="runScenario(io.cucumber.testng.PickleWrapper,io.cucumber.testng.FeatureWrapper)[pri:0, instance:com.TestRunner.testRun@7b98f307]" started-at="2024-02-29T00:21:14 IST" name="runScenario" description="Runs Cucumber Scenarios" data-provider="scenarios" finished-at="2024-02-29T00:24:00 IST" duration-ms="166623" status="PASS">
          <params>
            <param index="0">
              <value>
                <![CDATA["Getting the bikes data"]]>
              </value>
            </param>
            <param index="1">
              <value>
                <![CDATA["Identify New bikes"]]>
              </value>
            </param>
          </params>
          <reporter-output>
          </reporter-output>
        </test-method> <!-- runScenario -->
        <test-method signature="runScenario(io.cucumber.testng.PickleWrapper,io.cucumber.testng.FeatureWrapper)[pri:0, instance:com.TestRunner.testRun@7b98f307]" started-at="2024-02-29T00:24:00 IST" name="runScenario" description="Runs Cucumber Scenarios" data-provider="scenarios" finished-at="2024-02-29T00:32:23 IST" duration-ms="502354" status="PASS">
          <params>
            <param index="0">
              <value>
                <![CDATA["Getting the cars data"]]>
              </value>
            </param>
            <param index="1">
              <value>
                <![CDATA["Identify New bikes"]]>
              </value>
            </param>
          </params>
          <reporter-output>
          </reporter-output>
        </test-method> <!-- runScenario -->
        <test-method signature="runScenario(io.cucumber.testng.PickleWrapper,io.cucumber.testng.FeatureWrapper)[pri:0, instance:com.TestRunner.testRun@7b98f307]" started-at="2024-02-29T00:32:23 IST" name="runScenario" description="Runs Cucumber Scenarios" data-provider="scenarios" finished-at="2024-02-29T00:32:30 IST" duration-ms="6811" status="PASS">
          <params>
            <param index="0">
              <value>
                <![CDATA["Verifying the login"]]>
              </value>
            </param>
            <param index="1">
              <value>
                <![CDATA["Identify New bikes"]]>
              </value>
            </param>
          </params>
          <reporter-output>
          </reporter-output>
        </test-method> <!-- runScenario -->
        <test-method is-config="true" signature="tearDownClass()[pri:0, instance:com.TestRunner.testRun@7b98f307]" started-at="2024-02-29T00:32:30 IST" name="tearDownClass" finished-at="2024-02-29T00:33:07 IST" duration-ms="37617" status="PASS">
          <reporter-output>
          </reporter-output>
        </test-method> <!-- tearDownClass -->
      </class> <!-- com.TestRunner.testRun -->
    </test> <!-- Test -->
  </suite> <!-- Suite -->
</testng-results>
