<?xml version="1.0" encoding="UTF-8"?>
<testsuite xmlns:xsi="http://www.w3.org/2001/XMLSchema-instance" xsi:noNamespaceSchemaLocation="https://maven.apache.org/surefire/maven-surefire-plugin/xsd/surefire-test-report-3.0.xsd" version="3.0" name="TestSuite" time="727.8" tests="3" errors="0" skipped="0" failures="0">
  <properties>
[...]
</properties>
  <testcase name="runScenario[&quot;Getting the bikes data&quot;, &quot;Identify New bikes&quot;](1)" classname="com.TestRunner.testRun" time="166.631">
    <system-out><![CDATA[
Scenario: Getting the bikes data                                    &amp#27;[90m# Features/Hackthon.feature:3&amp#27;[0m
  &amp#27;[32mGiven &amp#27;[0m&amp#27;[32mThe user should be on the https://www.zigwheels.com website&amp#27;[0m &amp#27;[90m# com.StepDefinations.BikesData.the_user_should_be_on_the_https_www_zigwheels_com_website()&amp#27;[0m
  &amp#27;[32mWhen &amp#27;[0m&amp#27;[32muser navigates to the New Bikes&amp#27;[0m                              &amp#27;[90m# com.StepDefinations.BikesData.user_navigates_to_the_new_bikes()&amp#27;[0m
  &amp#27;[32mThen &amp#27;[0m&amp#27;[32muser clicks on the Upcomming Bikes&amp#27;[0m                           &amp#27;[90m# com.StepDefinations.BikesData.user_clicks_on_the_upcomming_bikes()&amp#27;[0m
  &amp#27;[32mAnd &amp#27;[0m&amp#27;[32muser the manaufacture dropdown and select Honda&amp#27;[0m               &amp#27;[90m# com.StepDefinations.BikesData.user_the_manaufacture_dropdown_and_select_honda()&amp#27;[0m
  &amp#27;[32mThen &amp#27;[0m&amp#27;[32mExtract the data of bikes less than four lacks&amp#27;[0m               &amp#27;[90m# com.StepDefinations.BikesData.extract_the_data_of_bikes_less_than_four_lacks()&amp#27;[0m

    Embedding Getting the bikes data [image/png 1098072 bytes]

]]></system-out>
    <system-err><![CDATA[SLF4J(W): No SLF4J providers were found.
SLF4J(W): Defaulting to no-operation (NOP) logger implementation
SLF4J(W): See https://www.slf4j.org/codes.html#noProviders for further details.
]]></system-err>
  </testcase>
  <testcase name="runScenario[&quot;Getting the cars data&quot;, &quot;Identify New bikes&quot;](2)" classname="com.TestRunner.testRun" time="502.338">
    <system-out><![CDATA[
Scenario: Getting the cars data                                   &amp#27;[90m# Features/Hackthon.feature:11&amp#27;[0m
New Cars & Bikes, Prices, News, Reviews, Buy & Sell Used Cars - ZigWheels.com
  &amp#27;[32mGiven &amp#27;[0m&amp#27;[32mThe user should be on the zigwheels.com website Home page&amp#27;[0m &amp#27;[90m# com.StepDefinations.CarsData.the_user_should_be_on_the_zigwheels_com_website_home_page()&amp#27;[0m
  &amp#27;[32mWhen &amp#27;[0m&amp#27;[32muser navigates to the Used cars dropdown&amp#27;[0m                   &amp#27;[90m# com.StepDefinations.CarsData.user_navigates_to_the_used_cars_dropdown()&amp#27;[0m
  &amp#27;[32mThen &amp#27;[0m&amp#27;[32muser clicks on the Chennai&amp#27;[0m                                 &amp#27;[90m# com.StepDefinations.CarsData.user_clicks_on_the_chennai()&amp#27;[0m
  &amp#27;[32mAnd &amp#27;[0m&amp#27;[32mExtract the data under the popular models&amp#27;[0m                   &amp#27;[90m# com.StepDefinations.CarsData.extract_the_data_under_the_popular_models()&amp#27;[0m

    Embedding Getting the cars data [image/png 292089 bytes]

]]></system-out>
  </testcase>
  <testcase name="runScenario[&quot;Verifying the login&quot;, &quot;Identify New bikes&quot;](3)" classname="com.TestRunner.testRun" time="6.811">
    <system-out><![CDATA[
Scenario: Verifying the login                              &amp#27;[90m# Features/Hackthon.feature:18&amp#27;[0m
Used Cars in Chennai - Certified Second Hand Cars for Sale @ ZigWheels
  &amp#27;[32mGiven &amp#27;[0m&amp#27;[32mThe user should be on the zigwheels.com  Home page&amp#27;[0m &amp#27;[90m# com.StepDefinations.EmailVerification.the_user_should_be_on_the_zigwheels_com_home_page()&amp#27;[0m
  &amp#27;[32mWhen &amp#27;[0m&amp#27;[32muser click on the login tab&amp#27;[0m                         &amp#27;[90m# com.StepDefinations.EmailVerification.user_click_on_the_login_tab()&amp#27;[0m
  &amp#27;[32mThen &amp#27;[0m&amp#27;[32muser clicks on the google&amp#27;[0m                           &amp#27;[90m# com.StepDefinations.EmailVerification.user_clicks_on_the_google()&amp#27;[0m
  &amp#27;[32mAnd &amp#27;[0m&amp#27;[32mEnters the invalid details&amp#27;[0m                           &amp#27;[90m# com.StepDefinations.EmailVerification.enters_the_invalid_details()&amp#27;[0m
error message:Couldn’t find your Google Account
  &amp#27;[32mAnd &amp#27;[0m&amp#27;[32mExtract the error information&amp#27;[0m                        &amp#27;[90m# com.StepDefinations.EmailVerification.extract_the_error_information()&amp#27;[0m

    Embedding Verifying the login [image/png 1051786 bytes]

]]></system-out>
  </testcase>
</testsuite>