<?xml version="1.0" encoding="UTF-8"?>
<testng-results ignored="0" total="8" passed="8" failed="0" skipped="0">
  <reporter-output>
  </reporter-output>
  <suite started-at="2024-03-01T11:25:20 IST" name="Default suite" finished-at="2024-03-01T11:27:28 IST" duration-ms="127240">
    <groups>
      <group name="cucumber">
        <method signature="AbstractTestNGCucumberTests.runScenario(io.cucumber.testng.PickleWrapper,io.cucumber.testng.FeatureWrapper)[pri:0, instance:com.TestRunner.testRun@4c583ecf]" name="runScenario" class="io.cucumber.testng.AbstractTestNGCucumberTests"/>
      </group> <!-- cucumber -->
    </groups>
    <test started-at="2024-03-01T11:25:20 IST" name="Default test" finished-at="2024-03-01T11:27:28 IST" duration-ms="127240">
      <class name="com.TestRunner.testRun">
        <test-method is-config="true" signature="setUpClass(org.testng.ITestContext)[pri:0, instance:com.TestRunner.testRun@4c583ecf]" started-at="2024-03-01T11:25:20 IST" name="setUpClass" finished-at="2024-03-01T11:25:34 IST" duration-ms="13698" status="PASS">
          <params>
            <param index="0">
              <value>
                <![CDATA[org.testng.TestRunner@69c532af]]>
              </value>
            </param>
          </params>
          <reporter-output>
          </reporter-output>
        </test-method> <!-- setUpClass -->
        <test-method signature="runScenario(io.cucumber.testng.PickleWrapper,io.cucumber.testng.FeatureWrapper)[pri:0, instance:com.TestRunner.testRun@4c583ecf]" started-at="2024-03-01T11:25:34 IST" name="runScenario" description="Runs Cucumber Scenarios" data-provider="scenarios" finished-at="2024-03-01T11:25:35 IST" duration-ms="1091" status="PASS">
          <params>
            <param index="0">
              <value>
                <![CDATA["Verifying the New bikes tab in the Home page"]]>
              </value>
            </param>
            <param index="1">
              <value>
                <![CDATA["Identify New Bikes"]]>
              </value>
            </param>
          </params>
          <reporter-output>
          </reporter-output>
        </test-method> <!-- runScenario -->
        <test-method signature="runScenario(io.cucumber.testng.PickleWrapper,io.cucumber.testng.FeatureWrapper)[pri:0, instance:com.TestRunner.testRun@4c583ecf]" started-at="2024-03-01T11:25:35 IST" name="runScenario" description="Runs Cucumber Scenarios" data-provider="scenarios" finished-at="2024-03-01T11:25:36 IST" duration-ms="789" status="PASS">
          <params>
            <param index="0">
              <value>
                <![CDATA["Verifying the dropdown of New Bikes"]]>
              </value>
            </param>
            <param index="1">
              <value>
                <![CDATA["Identify New Bikes"]]>
              </value>
            </param>
          </params>
          <reporter-output>
          </reporter-output>
        </test-method> <!-- runScenario -->
        <test-method signature="runScenario(io.cucumber.testng.PickleWrapper,io.cucumber.testng.FeatureWrapper)[pri:0, instance:com.TestRunner.testRun@4c583ecf]" started-at="2024-03-01T11:25:36 IST" name="runScenario" description="Runs Cucumber Scenarios" data-provider="scenarios" finished-at="2024-03-01T11:25:37 IST" duration-ms="1252" status="PASS">
          <params>
            <param index="0">
              <value>
                <![CDATA["Verifying the navigation to the upcomming bikes"]]>
              </value>
            </param>
            <param index="1">
              <value>
                <![CDATA["Identify New Bikes"]]>
              </value>
            </param>
          </params>
          <reporter-output>
          </reporter-output>
        </test-method> <!-- runScenario -->
        <test-method signature="runScenario(io.cucumber.testng.PickleWrapper,io.cucumber.testng.FeatureWrapper)[pri:0, instance:com.TestRunner.testRun@4c583ecf]" started-at="2024-03-01T11:25:37 IST" name="runScenario" description="Runs Cucumber Scenarios" data-provider="scenarios" finished-at="2024-03-01T11:25:38 IST" duration-ms="496" status="PASS">
          <params>
            <param index="0">
              <value>
                <![CDATA["Verifying the Used cars tab in the Home page"]]>
              </value>
            </param>
            <param index="1">
              <value>
                <![CDATA["Identify New Bikes"]]>
              </value>
            </param>
          </params>
          <reporter-output>
          </reporter-output>
        </test-method> <!-- runScenario -->
        <test-method signature="runScenario(io.cucumber.testng.PickleWrapper,io.cucumber.testng.FeatureWrapper)[pri:0, instance:com.TestRunner.testRun@4c583ecf]" started-at="2024-03-01T11:25:38 IST" name="runScenario" description="Runs Cucumber Scenarios" data-provider="scenarios" finished-at="2024-03-01T11:25:38 IST" duration-ms="441" status="PASS">
          <params>
            <param index="0">
              <value>
                <![CDATA["Verifying the dropdown of Used cars"]]>
              </value>
            </param>
            <param index="1">
              <value>
                <![CDATA["Identify New Bikes"]]>
              </value>
            </param>
          </params>
          <reporter-output>
          </reporter-output>
        </test-method> <!-- runScenario -->
        <test-method signature="runScenario(io.cucumber.testng.PickleWrapper,io.cucumber.testng.FeatureWrapper)[pri:0, instance:com.TestRunner.testRun@4c583ecf]" started-at="2024-03-01T11:25:38 IST" name="runScenario" description="Runs Cucumber Scenarios" data-provider="scenarios" finished-at="2024-03-01T11:25:46 IST" duration-ms="7978" status="PASS">
          <params>
            <param index="0">
              <value>
                <![CDATA["Verifying the navigation to the Used cars"]]>
              </value>
            </param>
            <param index="1">
              <value>
                <![CDATA["Identify New Bikes"]]>
              </value>
            </param>
          </params>
          <reporter-output>
          </reporter-output>
        </test-method> <!-- runScenario -->
        <test-method signature="runScenario(io.cucumber.testng.PickleWrapper,io.cucumber.testng.FeatureWrapper)[pri:0, instance:com.TestRunner.testRun@4c583ecf]" started-at="2024-03-01T11:25:46 IST" name="runScenario" description="Runs Cucumber Scenarios" data-provider="scenarios" finished-at="2024-03-01T11:25:49 IST" duration-ms="2721" status="PASS">
          <params>
            <param index="0">
              <value>
                <![CDATA["Verifying the login/signup button in zigwheels"]]>
              </value>
            </param>
            <param index="1">
              <value>
                <![CDATA["Identify New Bikes"]]>
              </value>
            </param>
          </params>
          <reporter-output>
          </reporter-output>
        </test-method> <!-- runScenario -->
        <test-method signature="runScenario(io.cucumber.testng.PickleWrapper,io.cucumber.testng.FeatureWrapper)[pri:0, instance:com.TestRunner.testRun@4c583ecf]" started-at="2024-03-01T11:25:49 IST" name="runScenario" description="Runs Cucumber Scenarios" data-provider="scenarios" finished-at="2024-03-01T11:25:52 IST" duration-ms="3216" status="PASS">
          <params>
            <param index="0">
              <value>
                <![CDATA["Navigating to the login/register tab"]]>
              </value>
            </param>
            <param index="1">
              <value>
                <![CDATA["Identify New Bikes"]]>
              </value>
            </param>
          </params>
          <reporter-output>
          </reporter-output>
        </test-method> <!-- runScenario -->
        <test-method is-config="true" signature="tearDownClass()[pri:0, instance:com.TestRunner.testRun@4c583ecf]" started-at="2024-03-01T11:25:52 IST" name="tearDownClass" finished-at="2024-03-01T11:27:28 IST" duration-ms="95495" status="PASS">
          <reporter-output>
          </reporter-output>
        </test-method> <!-- tearDownClass -->
      </class> <!-- com.TestRunner.testRun -->
    </test> <!-- Default test -->
  </suite> <!-- Default suite -->
</testng-results>
